<?xml version='1.0' encoding='UTF-8' ?>
<testsuite name="com.reversetutor.preview.Phase5SourcesDeviceTest" tests="1" failures="0" errors="0" skipped="0" time="3.608" timestamp="2026-07-01T20:06:49" hostname="localhost">
  <properties>
    <property name="device" value="HMA-AL00 - 10" />
    <property name="flavor" value="" />
    <property name="project" value=":app" />
  </properties>
  <testcase name="sourcesLibraryShowsParsedAndUnsupportedFilesWithReprocess" classname="com.reversetutor.preview.Phase5SourcesDeviceTest" time="2.303" />
</testsuite>