<?xml version='1.0' encoding='UTF-8' ?>
<testsuite name="com.reversetutor.preview.Phase5MemoryDeviceTest" tests="1" failures="0" errors="0" skipped="0" time="5.624" timestamp="2026-07-01T18:49:53" hostname="localhost">
  <properties>
    <property name="device" value="HMA-AL00 - 10" />
    <property name="flavor" value="" />
    <property name="project" value=":app" />
  </properties>
  <testcase name="chatNoteActionCreatesMemoryNoteVisibleInContextHub" classname="com.reversetutor.preview.Phase5MemoryDeviceTest" time="4.152" />
</testsuite>