<?xml version='1.0' encoding='UTF-8' ?>
<testsuite name="com.reversetutor.preview.Phase2CoreLoopDeviceTest" tests="1" failures="0" errors="0" skipped="0" time="4.988" timestamp="2026-07-01T13:08:43" hostname="localhost">
  <properties>
    <property name="device" value="HMA-AL00 - 10" />
    <property name="flavor" value="" />
    <property name="project" value=":app" />
  </properties>
  <testcase name="phase2CoreLoopPersistsNoModelAndMockReplyAfterRestart" classname="com.reversetutor.preview.Phase2CoreLoopDeviceTest" time="3.672" />
</testsuite>