<?xml version='1.0' encoding='UTF-8' ?>
<testsuite name="com.reversetutor.preview.Phase4ImportExportDeviceTest" tests="1" failures="0" errors="0" skipped="0" time="8.973" timestamp="2026-07-01T16:56:59" hostname="localhost">
  <properties>
    <property name="device" value="HMA-AL00 - 10" />
    <property name="flavor" value="" />
    <property name="project" value=":app" />
  </properties>
  <testcase name="phase4ImportModesExportAndWipeWorkOnDevice" classname="com.reversetutor.preview.Phase4ImportExportDeviceTest" time="7.632" />
</testsuite>