<?xml version='1.0' encoding='UTF-8' ?>
<testsuite name="com.reversetutor.preview.Phase5ContextHubDeviceTest" tests="1" failures="0" errors="0" skipped="0" time="4.361" timestamp="2026-07-01T17:23:04" hostname="localhost">
  <properties>
    <property name="device" value="HMA-AL00 - 10" />
    <property name="flavor" value="" />
    <property name="project" value=":app" />
  </properties>
  <testcase name="contextHubIsReachableFromActiveChatAndBackReturnsToChat" classname="com.reversetutor.preview.Phase5ContextHubDeviceTest" time="3.027" />
</testsuite>